<?xml version="1.0" encoding="UTF-8"?>
<testsuite xmlns:xsi="http://www.w3.org/2001/XMLSchema-instance" xsi:noNamespaceSchemaLocation="https://maven.apache.org/surefire/maven-surefire-plugin/xsd/surefire-test-report.xsd" name="tests.TransactionValidationServiceTest" time="2.39" tests="9" errors="0" skipped="0" failures="0">
  <properties>
    <property name="sun.desktop" value="windows"/>
    <property name="awt.toolkit" value="sun.awt.windows.WToolkit"/>
    <property name="file.encoding.pkg" value="sun.io"/>
    <property name="java.specification.version" value="1.8"/>
    <property name="sun.cpu.isalist" value="amd64"/>
    <property name="sun.jnu.encoding" value="Cp1252"/>
    <property name="java.class.path" value="D:\desenvolvimento\workspaces\eclipseJavaEE\account-manager-domain\target\test-classes;D:\desenvolvimento\workspaces\eclipseJavaEE\account-manager-domain\target\classes;C:\Users\prbpe\.m2\repository\com\google\inject\guice\4.2.2\guice-4.2.2.jar;C:\Users\prbpe\.m2\repository\javax\inject\javax.inject\1\javax.inject-1.jar;C:\Users\prbpe\.m2\repository\aopalliance\aopalliance\1.0\aopalliance-1.0.jar;C:\Users\prbpe\.m2\repository\com\google\guava\guava\25.1-android\guava-25.1-android.jar;C:\Users\prbpe\.m2\repository\com\google\code\findbugs\jsr305\3.0.2\jsr305-3.0.2.jar;C:\Users\prbpe\.m2\repository\org\checkerframework\checker-compat-qual\2.0.0\checker-compat-qual-2.0.0.jar;C:\Users\prbpe\.m2\repository\com\google\errorprone\error_prone_annotations\2.1.3\error_prone_annotations-2.1.3.jar;C:\Users\prbpe\.m2\repository\com\google\j2objc\j2objc-annotations\1.1\j2objc-annotations-1.1.jar;C:\Users\prbpe\.m2\repository\org\codehaus\mojo\animal-sniffer-annotations\1.14\animal-sniffer-annotations-1.14.jar;C:\Users\prbpe\.m2\repository\com\h2database\h2\1.4.199\h2-1.4.199.jar;C:\Users\prbpe\.m2\repository\junit\junit\4.12\junit-4.12.jar;C:\Users\prbpe\.m2\repository\org\hamcrest\hamcrest-core\1.3\hamcrest-core-1.3.jar;C:\Users\prbpe\.m2\repository\org\jooq\jooq\3.11.12\jooq-3.11.12.jar;C:\Users\prbpe\.m2\repository\javax\xml\bind\jaxb-api\2.2.12\jaxb-api-2.2.12.jar;C:\Users\prbpe\.m2\repository\org\jooq\jooq-meta\3.11.12\jooq-meta-3.11.12.jar;C:\Users\prbpe\.m2\repository\org\jooq\jooq-codegen\3.11.12\jooq-codegen-3.11.12.jar;C:\Users\prbpe\.m2\repository\org\slf4j\slf4j-api\1.7.28\slf4j-api-1.7.28.jar;C:\Users\prbpe\.m2\repository\org\slf4j\slf4j-simple\1.7.28\slf4j-simple-1.7.28.jar;C:\Users\prbpe\.m2\repository\org\glassfish\javax.annotation\3.1.1\javax.annotation-3.1.1.jar;"/>
    <property name="java.vm.vendor" value="Oracle Corporation"/>
    <property name="sun.arch.data.model" value="64"/>
    <property name="user.variant" value=""/>
    <property name="java.vendor.url" value="http://java.oracle.com/"/>
    <property name="user.timezone" value="America/Sao_Paulo"/>
    <property name="java.vm.specification.version" value="1.8"/>
    <property name="os.name" value="Windows 10"/>
    <property name="user.country" value="BR"/>
    <property name="sun.java.launcher" value="SUN_STANDARD"/>
    <property name="sun.boot.library.path" value="C:\Program Files\Java\jdk1.8.0_221\jre\bin"/>
    <property name="sun.java.command" value="C:\Users\prbpe\AppData\Local\Temp\surefire5789509676104295314\surefirebooter6210713261406098584.jar C:\Users\prbpe\AppData\Local\Temp\surefire5789509676104295314 2019-08-29T14-17-21_503-jvmRun1 surefire1611587741631551016tmp surefire_06916647299390712004tmp"/>
    <property name="surefire.test.class.path" value="D:\desenvolvimento\workspaces\eclipseJavaEE\account-manager-domain\target\test-classes;D:\desenvolvimento\workspaces\eclipseJavaEE\account-manager-domain\target\classes;C:\Users\prbpe\.m2\repository\com\google\inject\guice\4.2.2\guice-4.2.2.jar;C:\Users\prbpe\.m2\repository\javax\inject\javax.inject\1\javax.inject-1.jar;C:\Users\prbpe\.m2\repository\aopalliance\aopalliance\1.0\aopalliance-1.0.jar;C:\Users\prbpe\.m2\repository\com\google\guava\guava\25.1-android\guava-25.1-android.jar;C:\Users\prbpe\.m2\repository\com\google\code\findbugs\jsr305\3.0.2\jsr305-3.0.2.jar;C:\Users\prbpe\.m2\repository\org\checkerframework\checker-compat-qual\2.0.0\checker-compat-qual-2.0.0.jar;C:\Users\prbpe\.m2\repository\com\google\errorprone\error_prone_annotations\2.1.3\error_prone_annotations-2.1.3.jar;C:\Users\prbpe\.m2\repository\com\google\j2objc\j2objc-annotations\1.1\j2objc-annotations-1.1.jar;C:\Users\prbpe\.m2\repository\org\codehaus\mojo\animal-sniffer-annotations\1.14\animal-sniffer-annotations-1.14.jar;C:\Users\prbpe\.m2\repository\com\h2database\h2\1.4.199\h2-1.4.199.jar;C:\Users\prbpe\.m2\repository\junit\junit\4.12\junit-4.12.jar;C:\Users\prbpe\.m2\repository\org\hamcrest\hamcrest-core\1.3\hamcrest-core-1.3.jar;C:\Users\prbpe\.m2\repository\org\jooq\jooq\3.11.12\jooq-3.11.12.jar;C:\Users\prbpe\.m2\repository\javax\xml\bind\jaxb-api\2.2.12\jaxb-api-2.2.12.jar;C:\Users\prbpe\.m2\repository\org\jooq\jooq-meta\3.11.12\jooq-meta-3.11.12.jar;C:\Users\prbpe\.m2\repository\org\jooq\jooq-codegen\3.11.12\jooq-codegen-3.11.12.jar;C:\Users\prbpe\.m2\repository\org\slf4j\slf4j-api\1.7.28\slf4j-api-1.7.28.jar;C:\Users\prbpe\.m2\repository\org\slf4j\slf4j-simple\1.7.28\slf4j-simple-1.7.28.jar;C:\Users\prbpe\.m2\repository\org\glassfish\javax.annotation\3.1.1\javax.annotation-3.1.1.jar;"/>
    <property name="sun.cpu.endian" value="little"/>
    <property name="user.home" value="C:\Users\prbpe"/>
    <property name="user.language" value="pt"/>
    <property name="java.specification.vendor" value="Oracle Corporation"/>
    <property name="java.home" value="C:\Program Files\Java\jdk1.8.0_221\jre"/>
    <property name="basedir" value="D:\desenvolvimento\workspaces\eclipseJavaEE\account-manager-domain"/>
    <property name="file.separator" value="\"/>
    <property name="line.separator" value="&#10;"/>
    <property name="java.vm.specification.vendor" value="Oracle Corporation"/>
    <property name="java.specification.name" value="Java Platform API Specification"/>
    <property name="java.awt.graphicsenv" value="sun.awt.Win32GraphicsEnvironment"/>
    <property name="surefire.real.class.path" value="C:\Users\prbpe\AppData\Local\Temp\surefire5789509676104295314\surefirebooter6210713261406098584.jar;C:\\Users\\prbpe\\.m2\\repository\\org\\jacoco\\org.jacoco.agent\\0.8.3\\org.jacoco.agent-0.8.3-runtime.jar"/>
    <property name="sun.boot.class.path" value="C:\Program Files\Java\jdk1.8.0_221\jre\lib\resources.jar;C:\Program Files\Java\jdk1.8.0_221\jre\lib\rt.jar;C:\Program Files\Java\jdk1.8.0_221\jre\lib\sunrsasign.jar;C:\Program Files\Java\jdk1.8.0_221\jre\lib\jsse.jar;C:\Program Files\Java\jdk1.8.0_221\jre\lib\jce.jar;C:\Program Files\Java\jdk1.8.0_221\jre\lib\charsets.jar;C:\Program Files\Java\jdk1.8.0_221\jre\lib\jfr.jar;C:\Program Files\Java\jdk1.8.0_221\jre\classes"/>
    <property name="user.script" value=""/>
    <property name="sun.management.compiler" value="HotSpot 64-Bit Tiered Compilers"/>
    <property name="java.runtime.version" value="1.8.0_221-b11"/>
    <property name="user.name" value="prbpe"/>
    <property name="path.separator" value=";"/>
    <property name="os.version" value="10.0"/>
    <property name="java.endorsed.dirs" value="C:\Program Files\Java\jdk1.8.0_221\jre\lib\endorsed"/>
    <property name="java.runtime.name" value="Java(TM) SE Runtime Environment"/>
    <property name="file.encoding" value="Cp1252"/>
    <property name="java.vm.name" value="Java HotSpot(TM) 64-Bit Server VM"/>
    <property name="localRepository" value="C:\Users\prbpe\.m2\repository"/>
    <property name="java.vendor.url.bug" value="http://bugreport.sun.com/bugreport/"/>
    <property name="java.io.tmpdir" value="C:\Users\prbpe\AppData\Local\Temp\"/>
    <property name="java.version" value="1.8.0_221"/>
    <property name="user.dir" value="D:\desenvolvimento\workspaces\eclipseJavaEE\account-manager-domain"/>
    <property name="os.arch" value="amd64"/>
    <property name="java.vm.specification.name" value="Java Virtual Machine Specification"/>
    <property name="java.awt.printerjob" value="sun.awt.windows.WPrinterJob"/>
    <property name="sun.os.patch.level" value=""/>
    <property name="java.library.path" value="C:\Program Files\Java\jdk1.8.0_221\jre\bin;C:\WINDOWS\Sun\Java\bin;C:\WINDOWS\system32;C:\WINDOWS;C:/Program Files/Java/jre1.8.0_221/bin/server;C:/Program Files/Java/jre1.8.0_221/bin;C:/Program Files/Java/jre1.8.0_221/lib/amd64;C:\Program Files (x86)\Common Files\Oracle\Java\javapath;C:\Program Files\Microsoft MPI\Bin\;C:\WINDOWS\system32;C:\WINDOWS;C:\WINDOWS\System32\Wbem;C:\WINDOWS\System32\WindowsPowerShell\v1.0\;C:\WINDOWS\System32\OpenSSH\;C:\Program Files\Java\jdk1.8.0_221\bin;C:\Program Files\dotnet\;C:\Program Files\Microsoft SQL Server\130\Tools\Binn\;C:\Program Files (x86)\IncrediBuild;C:\Program Files\Git\cmd;C:\OpenSSL-Win64\bin\;C:\Users\prbpe\Downloads\cloud_sql_proxy.exe;C:\Program Files\apache-maven-3.6.1\bin\;C:\Users\prbpe\AppData\Local\Programs\Python\Python37\Scripts\;C:\Users\prbpe\AppData\Local\Programs\Python\Python37\;C:\Users\prbpe\AppData\Local\Microsoft\WindowsApps;C:\Users\prbpe\.dotnet\tools;C:\Users\prbpe\AppData\Local\Programs\Microsoft VS Code\bin;C:\Users\prbpe\AppData\Roaming\Python\Python37\Scripts;;%USERPROFILE%\AppData\Local\Microsoft\WindowsApps;D:\desenvolvimento\IDE\eclipseJavaEE;;."/>
    <property name="java.vm.info" value="mixed mode"/>
    <property name="java.vendor" value="Oracle Corporation"/>
    <property name="java.vm.version" value="25.221-b11"/>
    <property name="java.ext.dirs" value="C:\Program Files\Java\jdk1.8.0_221\jre\lib\ext;C:\WINDOWS\Sun\Java\lib\ext"/>
    <property name="sun.io.unicode.encoding" value="UnicodeLittle"/>
    <property name="java.class.version" value="52.0"/>
  </properties>
  <testcase name="testInexistentBeneficiaryBank" classname="tests.TransactionValidationServiceTest" time="0.246"/>
  <testcase name="testInexistentSenderAccount" classname="tests.TransactionValidationServiceTest" time="0.235"/>
  <testcase name="testTransferInexistentBeneficiaryAccountBallance" classname="tests.TransactionValidationServiceTest" time="0.236"/>
  <testcase name="testAmmountBiggerSenderAccountBalance" classname="tests.TransactionValidationServiceTest" time="0.262"/>
  <testcase name="testInexistentBeneficiaryAccount" classname="tests.TransactionValidationServiceTest" time="0.243"/>
  <testcase name="testInexistentSenderAccountBalance" classname="tests.TransactionValidationServiceTest" time="0.24"/>
  <testcase name="testTransferInactiveSenderAccount" classname="tests.TransactionValidationServiceTest" time="0.229"/>
  <testcase name="testInexistentCurrency" classname="tests.TransactionValidationServiceTest" time="0.273"/>
  <testcase name="testOtherBeneficiaryBank" classname="tests.TransactionValidationServiceTest" time="0.234"/>
</testsuite>